


ARM Macro Assembler    Page 1 


    1 00000000         ;/******************************************************
                       ***********************/
    2 00000000         ;/* LPC2300.S: Startup file for Philips LPC2300 device s
                       eries                 */
    3 00000000         ;/******************************************************
                       ***********************/
    4 00000000         ;/* <<< Use Configuration Wizard in Context Menu >>>    
                                             */
    5 00000000         ;/******************************************************
                       ***********************/
    6 00000000         ;/* This file is part of the uVision/ARM development too
                       ls.                   */
    7 00000000         ;/* Copyright (c) 2006-2008 Keil - An ARM Company. All r
                       ights reserved.       */
    8 00000000         ;/* This software may only be used under the terms of a 
                       valid, current,       */
    9 00000000         ;/* end user licence from KEIL for a compatible version 
                       of KEIL software      */
   10 00000000         ;/* development tools. Nothing else gives you the right 
                       to use this software. */
   11 00000000         ;/******************************************************
                       ***********************/
   12 00000000         
   13 00000000         
   14 00000000         ;/*
   15 00000000         ; *  The LPC2300.S code is executed after CPU Reset. Thi
                       s file may be 
   16 00000000         ; *  translated with the following SET symbols. In uVisi
                       on these SET 
   17 00000000         ; *  symbols are entered under Options - ASM - Define.
   18 00000000         ; *
   19 00000000         ; *  REMAP: when set the startup code initializes the re
                       gister MEMMAP 
   20 00000000         ; *  which overwrites the settings of the CPU configurat
                       ion pins. The 
   21 00000000         ; *  startup and interrupt vectors are remapped from:
   22 00000000         ; *     0x00000000  default setting (not remapped)
   23 00000000         ; *     0x40000000  when RAM_MODE is used
   24 00000000         ; *
   25 00000000         ; *  RAM_MODE: when set the device is configured for cod
                       e execution
   26 00000000         ; *  from on-chip RAM starting at address 0x40000000. 
   27 00000000         ; */
   28 00000000         
   29 00000000         
   30 00000000         ; Standard definitions of Mode bits and Interrupt (I & F
                       ) flags in PSRs
   31 00000000         
   32 00000000 00000010 
                       Mode_USR
                               EQU              0x10
   33 00000000 00000011 
                       Mode_FIQ
                               EQU              0x11
   34 00000000 00000012 
                       Mode_IRQ
                               EQU              0x12
   35 00000000 00000013 
                       Mode_SVC



ARM Macro Assembler    Page 2 


                               EQU              0x13
   36 00000000 00000017 
                       Mode_ABT
                               EQU              0x17
   37 00000000 0000001B 
                       Mode_UND
                               EQU              0x1B
   38 00000000 0000001F 
                       Mode_SYS
                               EQU              0x1F
   39 00000000         
   40 00000000 00000080 
                       I_Bit   EQU              0x80        ; when I bit is set
                                                            , IRQ is disabled
   41 00000000 00000040 
                       F_Bit   EQU              0x40        ; when F bit is set
                                                            , FIQ is disabled
   42 00000000         
   43 00000000         
   44 00000000         ;// <h> Stack Configuration (Stack Sizes in Bytes)
   45 00000000         ;//   <o0> Undefined Mode      <0x0-0xFFFFFFFF:8>
   46 00000000         ;//   <o1> Supervisor Mode     <0x0-0xFFFFFFFF:8>
   47 00000000         ;//   <o2> Abort Mode          <0x0-0xFFFFFFFF:8>
   48 00000000         ;//   <o3> Fast Interrupt Mode <0x0-0xFFFFFFFF:8>
   49 00000000         ;//   <o4> Interrupt Mode      <0x0-0xFFFFFFFF:8>
   50 00000000         ;//   <o5> User/System Mode    <0x0-0xFFFFFFFF:8>
   51 00000000         ;// </h>
   52 00000000         
   53 00000000 00000000 
                       UND_Stack_Size
                               EQU              0x00000000
   54 00000000 00000500 
                       SVC_Stack_Size
                               EQU              0x00000500
   55 00000000 00000000 
                       ABT_Stack_Size
                               EQU              0x00000000
   56 00000000 00000000 
                       FIQ_Stack_Size
                               EQU              0x00000000
   57 00000000 00000100 
                       IRQ_Stack_Size
                               EQU              0x00000100
   58 00000000 00000B00 
                       USR_Stack_Size
                               EQU              0x00000B00
   59 00000000         
   61 00000000 00000600 
                       ISR_Stack_Size
                               EQU              (UND_Stack_Size + SVC_Stack_Siz
e + ABT_Stack_Size +                           FIQ_Stack_Size + IRQ_Stack_Size
)
   62 00000000         
   63 00000000                 AREA             STACK, NOINIT, READWRITE, ALIGN
=4
   64 00000000         
   65 00000000         Stack_Mem
                               SPACE            ISR_Stack_Size
   66 00000600 00000600 



ARM Macro Assembler    Page 3 


                       Stack_Top
                               EQU              (Stack_Mem+ISR_Stack_Size)
   67 00000600         
   68 00000600         
   69 00000600         ;// <h> Heap Configuration
   70 00000600         ;//   <o>  Heap Size (in Bytes) <0x0-0xFFFFFFFF>
   71 00000600         ;// </h>
   72 00000600         
   73 00000600 00004000 
                       Heap_Size
                               EQU              0x00004000
   74 00000600         
   75 00000600                 AREA             HEAP, NOINIT, READWRITE, ALIGN=
3
   76 00000000         __heap_base
   77 00000000         Heap_Mem
                               SPACE            Heap_Size
   78 00004000         __heap_limit
   79 00004000         
   80 00004000         
   81 00004000         ; Area Definition and Entry Point
   82 00004000         ;  Startup Code must be linked first at Address at which
                        it expects to run.
   83 00004000         
   84 00004000                 AREA             RESET, CODE, READONLY
   85 00000000                 ARM
   86 00000000         
   87 00000000         
   88 00000000         ; Exception Vectors
   89 00000000         ;  Mapped to Address 0.
   90 00000000         ;  Absolute addressing mode must be used.
   91 00000000         ;  Dummy Handlers are implemented as infinite loops whic
                       h can be modified.
   92 00000000         
   93 00000000 E59FF018 
                       Vectors LDR              PC, Reset_Addr
   94 00000004 E59FF018        LDR              PC, Undef_Addr
   95 00000008 E59FF018        LDR              PC, SWI_Addr
   96 0000000C E59FF018        LDR              PC, PAbt_Addr
   97 00000010 E59FF018        LDR              PC, DAbt_Addr
   98 00000014 E1A00000        NOP                          ; Reserved Vector 
   99 00000018         ;               LDR     PC, IRQ_Addr
  100 00000018 E51FF120        LDR              PC, [PC, #-0x0120] ; Vector fro
                                                            m VicVectAddr
  101 0000001C E59FF018        LDR              PC, FIQ_Addr
  102 00000020         
  103 00000020 00000000 
                       Reset_Addr
                               DCD              Reset_Handler
  104 00000024 00000000 
                       Undef_Addr
                               DCD              Reset_Handler
  105 00000028 00000000 
                       SWI_Addr
                               DCD              Reset_Handler
  106 0000002C 00000000 
                       PAbt_Addr
                               DCD              Reset_Handler
  107 00000030 00000000 



ARM Macro Assembler    Page 4 


                       DAbt_Addr
                               DCD              Reset_Handler
  108 00000034 99E00EE4        DCD              0x99E00EE4  ; Reserved Address 
                                                            
  109 00000038 E51FF120 
                       IRQ_Addr
                               LDR              PC, [PC, #-0x0120]
  110 0000003C 00000000 
                       FIQ_Addr
                               DCD              Reset_Handler
  111 00000040         
  112 00000040         
  113 00000040         ; Reset Handler
  114 00000040         
  115 00000040                 EXPORT           Reset_Handler
  116 00000040         Reset_Handler
  117 00000040         
  118 00000040                 extern           TargetResetInit
  119 00000040 E59F0064        LDR              R0, =Stack_Top
  120 00000044 E321F0D3        MSR              CPSR_c,  #Mode_SVC:OR:I_Bit:OR:
F_Bit
  121 00000048 E1A0D000        MOV              SP, R0
  122 0000004C                 PRESERVE8
  123 0000004C E59F005C        LDR              R0, =TargetResetInit
  124 00000050 E1A0E00F        MOV              LR, PC
  125 00000054 E12FFF10        BX               R0
  126 00000058         
  127 00000058         ; Initialise Interrupt System
  128 00000058         ;  ...
  129 00000058         
  130 00000058         
  131 00000058         ; Setup Stack for each mode
  132 00000058         
  133 00000058 E59F004C        LDR              R0, =Stack_Top
  134 0000005C         
  135 0000005C         ;  Enter Undefined Instruction Mode and set its Stack Po
                       inter
  136 0000005C E321F0DB        MSR              CPSR_c, #Mode_UND:OR:I_Bit:OR:F
_Bit
  137 00000060 E1A0D000        MOV              SP, R0
  138 00000064 E2400000        SUB              R0, R0, #UND_Stack_Size
  139 00000068         
  140 00000068         ;  Enter Abort Mode and set its Stack Pointer
  141 00000068 E321F0D7        MSR              CPSR_c, #Mode_ABT:OR:I_Bit:OR:F
_Bit
  142 0000006C E1A0D000        MOV              SP, R0
  143 00000070 E2400000        SUB              R0, R0, #ABT_Stack_Size
  144 00000074         
  145 00000074         ;  Enter FIQ Mode and set its Stack Pointer
  146 00000074 E321F0D1        MSR              CPSR_c, #Mode_FIQ:OR:I_Bit:OR:F
_Bit
  147 00000078 E1A0D000        MOV              SP, R0
  148 0000007C E2400000        SUB              R0, R0, #FIQ_Stack_Size
  149 00000080         
  150 00000080         ;  Enter IRQ Mode and set its Stack Pointer
  151 00000080 E321F0D2        MSR              CPSR_c, #Mode_IRQ:OR:I_Bit:OR:F
_Bit
  152 00000084 E1A0D000        MOV              SP, R0
  153 00000088 E2400C01        SUB              R0, R0, #IRQ_Stack_Size



ARM Macro Assembler    Page 5 


  154 0000008C         
  155 0000008C         ;  Enter Supervisor Mode and set its Stack Pointer
  156 0000008C E321F0D3        MSR              CPSR_c, #Mode_SVC:OR:I_Bit:OR:F
_Bit
  157 00000090 E1A0D000        MOV              SP, R0
  158 00000094 E2400C05        SUB              R0, R0, #SVC_Stack_Size
  159 00000098         
  160 00000098         ;  Enter User Mode and set its Stack Pointer
  161 00000098 E321F010        MSR              CPSR_c, #Mode_USR
  162 0000009C E1A0D000        MOV              SP, R0
  163 000000A0 E24DAC06        SUB              SL, SP, #ISR_Stack_Size
  164 000000A4         
  165 000000A4         ; Enter the C code
  166 000000A4         
  167 000000A4                 IMPORT           __main
  168 000000A4 E59F0008        LDR              R0, =__main
  169 000000A8 E12FFF10        BX               R0
  170 000000AC         ; User Initial Stack & Heap
  171 000000AC 00000000 
              00000000 
              00000000         AREA             |.text|, CODE, READONLY
  172 00000000         
  173 00000000                 IMPORT           __use_two_region_memory
  174 00000000                 EXPORT           __user_initial_stackheap
  175 00000000         __user_initial_stackheap
  176 00000000         
  177 00000000 E59F000C        LDR              R0, =  Heap_Mem
  178 00000004 E59F100C        LDR              R1, =(Stack_Mem + ISR_Stack_Siz
e)
  179 00000008 E59F200C        LDR              R2, = (Heap_Mem +      Heap_Siz
e)
  180 0000000C E59F300C        LDR              R3, = Stack_Mem
  181 00000010 E12FFF1E        BX               LR
  182 00000014         
  183 00000014         
  184 00000014         
  185 00000014                 END
              00000000 
              00000600 
              00004000 
              00000000 
Command Line: --debug --xref --diag_suppress=9931 --apcs=interwork --depend=.\o
uput\startup_lpc23xx.d -o.\ouput\startup_lpc23xx.o -IC:\Keil_v5\ARM\RV31\INC -I
C:\Keil_v5\ARM\CMSIS\Include -IC:\Keil_v5\ARM\INC\Philips --predefine="__UVISIO
N_VERSION SETA 528" --list=.\startup_lpc23xx.lst startup_lpc23xx.s



ARM Macro Assembler    Page 1 Alphabetic symbol ordering
Relocatable symbols

STACK 00000000

Symbol: STACK
   Definitions
      At line 63 in file startup_lpc23xx.s
   Uses
      None
Comment: STACK unused
Stack_Mem 00000000

Symbol: Stack_Mem
   Definitions
      At line 65 in file startup_lpc23xx.s
   Uses
      At line 66 in file startup_lpc23xx.s
      At line 178 in file startup_lpc23xx.s
      At line 180 in file startup_lpc23xx.s

Stack_Top 00000600

Symbol: Stack_Top
   Definitions
      At line 66 in file startup_lpc23xx.s
   Uses
      At line 119 in file startup_lpc23xx.s
      At line 133 in file startup_lpc23xx.s

3 symbols



ARM Macro Assembler    Page 1 Alphabetic symbol ordering
Relocatable symbols

HEAP 00000000

Symbol: HEAP
   Definitions
      At line 75 in file startup_lpc23xx.s
   Uses
      None
Comment: HEAP unused
Heap_Mem 00000000

Symbol: Heap_Mem
   Definitions
      At line 77 in file startup_lpc23xx.s
   Uses
      At line 177 in file startup_lpc23xx.s
      At line 179 in file startup_lpc23xx.s

__heap_base 00000000

Symbol: __heap_base
   Definitions
      At line 76 in file startup_lpc23xx.s
   Uses
      None
Comment: __heap_base unused
__heap_limit 00004000

Symbol: __heap_limit
   Definitions
      At line 78 in file startup_lpc23xx.s
   Uses
      None
Comment: __heap_limit unused
4 symbols



ARM Macro Assembler    Page 1 Alphabetic symbol ordering
Relocatable symbols

DAbt_Addr 00000030

Symbol: DAbt_Addr
   Definitions
      At line 107 in file startup_lpc23xx.s
   Uses
      At line 97 in file startup_lpc23xx.s
Comment: DAbt_Addr used once
FIQ_Addr 0000003C

Symbol: FIQ_Addr
   Definitions
      At line 110 in file startup_lpc23xx.s
   Uses
      At line 101 in file startup_lpc23xx.s
Comment: FIQ_Addr used once
IRQ_Addr 00000038

Symbol: IRQ_Addr
   Definitions
      At line 109 in file startup_lpc23xx.s
   Uses
      None
Comment: IRQ_Addr unused
PAbt_Addr 0000002C

Symbol: PAbt_Addr
   Definitions
      At line 106 in file startup_lpc23xx.s
   Uses
      At line 96 in file startup_lpc23xx.s
Comment: PAbt_Addr used once
RESET 00000000

Symbol: RESET
   Definitions
      At line 84 in file startup_lpc23xx.s
   Uses
      None
Comment: RESET unused
Reset_Addr 00000020

Symbol: Reset_Addr
   Definitions
      At line 103 in file startup_lpc23xx.s
   Uses
      At line 93 in file startup_lpc23xx.s
Comment: Reset_Addr used once
Reset_Handler 00000040

Symbol: Reset_Handler
   Definitions
      At line 116 in file startup_lpc23xx.s
   Uses
      At line 103 in file startup_lpc23xx.s
      At line 104 in file startup_lpc23xx.s
      At line 105 in file startup_lpc23xx.s
      At line 106 in file startup_lpc23xx.s
      At line 107 in file startup_lpc23xx.s



ARM Macro Assembler    Page 2 Alphabetic symbol ordering
Relocatable symbols

      At line 110 in file startup_lpc23xx.s
      At line 115 in file startup_lpc23xx.s

SWI_Addr 00000028

Symbol: SWI_Addr
   Definitions
      At line 105 in file startup_lpc23xx.s
   Uses
      At line 95 in file startup_lpc23xx.s
Comment: SWI_Addr used once
Undef_Addr 00000024

Symbol: Undef_Addr
   Definitions
      At line 104 in file startup_lpc23xx.s
   Uses
      At line 94 in file startup_lpc23xx.s
Comment: Undef_Addr used once
Vectors 00000000

Symbol: Vectors
   Definitions
      At line 93 in file startup_lpc23xx.s
   Uses
      None
Comment: Vectors unused
10 symbols



ARM Macro Assembler    Page 1 Alphabetic symbol ordering
Relocatable symbols

.text 00000000

Symbol: .text
   Definitions
      At line 171 in file startup_lpc23xx.s
   Uses
      None
Comment: .text unused
__user_initial_stackheap 00000000

Symbol: __user_initial_stackheap
   Definitions
      At line 175 in file startup_lpc23xx.s
   Uses
      At line 174 in file startup_lpc23xx.s
Comment: __user_initial_stackheap used once
2 symbols



ARM Macro Assembler    Page 1 Alphabetic symbol ordering
Absolute symbols

ABT_Stack_Size 00000000

Symbol: ABT_Stack_Size
   Definitions
      At line 55 in file startup_lpc23xx.s
   Uses
      At line 61 in file startup_lpc23xx.s
      At line 143 in file startup_lpc23xx.s

FIQ_Stack_Size 00000000

Symbol: FIQ_Stack_Size
   Definitions
      At line 56 in file startup_lpc23xx.s
   Uses
      At line 61 in file startup_lpc23xx.s
      At line 148 in file startup_lpc23xx.s

F_Bit 00000040

Symbol: F_Bit
   Definitions
      At line 41 in file startup_lpc23xx.s
   Uses
      At line 120 in file startup_lpc23xx.s
      At line 136 in file startup_lpc23xx.s
      At line 141 in file startup_lpc23xx.s
      At line 146 in file startup_lpc23xx.s
      At line 151 in file startup_lpc23xx.s
      At line 156 in file startup_lpc23xx.s

Heap_Size 00004000

Symbol: Heap_Size
   Definitions
      At line 73 in file startup_lpc23xx.s
   Uses
      At line 77 in file startup_lpc23xx.s
      At line 179 in file startup_lpc23xx.s

IRQ_Stack_Size 00000100

Symbol: IRQ_Stack_Size
   Definitions
      At line 57 in file startup_lpc23xx.s
   Uses
      At line 61 in file startup_lpc23xx.s
      At line 153 in file startup_lpc23xx.s

ISR_Stack_Size 00000600

Symbol: ISR_Stack_Size
   Definitions
      At line 61 in file startup_lpc23xx.s
   Uses
      At line 65 in file startup_lpc23xx.s
      At line 66 in file startup_lpc23xx.s
      At line 163 in file startup_lpc23xx.s
      At line 178 in file startup_lpc23xx.s



ARM Macro Assembler    Page 2 Alphabetic symbol ordering
Absolute symbols


I_Bit 00000080

Symbol: I_Bit
   Definitions
      At line 40 in file startup_lpc23xx.s
   Uses
      At line 120 in file startup_lpc23xx.s
      At line 136 in file startup_lpc23xx.s
      At line 141 in file startup_lpc23xx.s
      At line 146 in file startup_lpc23xx.s
      At line 151 in file startup_lpc23xx.s
      At line 156 in file startup_lpc23xx.s

Mode_ABT 00000017

Symbol: Mode_ABT
   Definitions
      At line 36 in file startup_lpc23xx.s
   Uses
      At line 141 in file startup_lpc23xx.s
Comment: Mode_ABT used once
Mode_FIQ 00000011

Symbol: Mode_FIQ
   Definitions
      At line 33 in file startup_lpc23xx.s
   Uses
      At line 146 in file startup_lpc23xx.s
Comment: Mode_FIQ used once
Mode_IRQ 00000012

Symbol: Mode_IRQ
   Definitions
      At line 34 in file startup_lpc23xx.s
   Uses
      At line 151 in file startup_lpc23xx.s
Comment: Mode_IRQ used once
Mode_SVC 00000013

Symbol: Mode_SVC
   Definitions
      At line 35 in file startup_lpc23xx.s
   Uses
      At line 120 in file startup_lpc23xx.s
      At line 156 in file startup_lpc23xx.s

Mode_SYS 0000001F

Symbol: Mode_SYS
   Definitions
      At line 38 in file startup_lpc23xx.s
   Uses
      None
Comment: Mode_SYS unused
Mode_UND 0000001B

Symbol: Mode_UND
   Definitions



ARM Macro Assembler    Page 3 Alphabetic symbol ordering
Absolute symbols

      At line 37 in file startup_lpc23xx.s
   Uses
      At line 136 in file startup_lpc23xx.s
Comment: Mode_UND used once
Mode_USR 00000010

Symbol: Mode_USR
   Definitions
      At line 32 in file startup_lpc23xx.s
   Uses
      At line 161 in file startup_lpc23xx.s
Comment: Mode_USR used once
SVC_Stack_Size 00000500

Symbol: SVC_Stack_Size
   Definitions
      At line 54 in file startup_lpc23xx.s
   Uses
      At line 61 in file startup_lpc23xx.s
      At line 158 in file startup_lpc23xx.s

UND_Stack_Size 00000000

Symbol: UND_Stack_Size
   Definitions
      At line 53 in file startup_lpc23xx.s
   Uses
      At line 61 in file startup_lpc23xx.s
      At line 138 in file startup_lpc23xx.s

USR_Stack_Size 00000B00

Symbol: USR_Stack_Size
   Definitions
      At line 58 in file startup_lpc23xx.s
   Uses
      None
Comment: USR_Stack_Size unused
17 symbols



ARM Macro Assembler    Page 1 Alphabetic symbol ordering
External symbols

TargetResetInit 00000000

Symbol: TargetResetInit
   Definitions
      At line 118 in file startup_lpc23xx.s
   Uses
      At line 123 in file startup_lpc23xx.s
Comment: TargetResetInit used once
__main 00000000

Symbol: __main
   Definitions
      At line 167 in file startup_lpc23xx.s
   Uses
      At line 168 in file startup_lpc23xx.s
Comment: __main used once
__use_two_region_memory 00000000

Symbol: __use_two_region_memory
   Definitions
      At line 173 in file startup_lpc23xx.s
   Uses
      None
Comment: __use_two_region_memory unused
3 symbols
374 symbols in table
